app/build/intermediates/manifest_merge_blame_file/debug/manifest-merger-blame-debug-report.txt
1<?xml version="1.0" encoding="utf-8"?>
2<manifest xmlns:android="http://schemas.android.com/apk/res/android"
3    package="com.example.myapplication"
4    android:versionCode="1"
5    android:versionName="1.0" >
6
7    <uses-sdk
8        android:minSdkVersion="16"
8-->src/main/AndroidManifest.xml
9        android:targetSdkVersion="30" />
9-->src/main/AndroidManifest.xml
10
11    <uses-permission android:name="android.permission.INTERNET" /> <!-- To auto-complete the email text field in the login form with the user's emails -->
11-->src/main/AndroidManifest.xml:5:5-67
11-->src/main/AndroidManifest.xml:5:22-64
12    <uses-permission android:name="android.permission.GET_ACCOUNTS" />
12-->src/main/AndroidManifest.xml:6:5-71
12-->src/main/AndroidManifest.xml:6:22-68
13    <uses-permission android:name="android.permission.READ_PROFILE" />
13-->src/main/AndroidManifest.xml:7:5-71
13-->src/main/AndroidManifest.xml:7:22-68
14    <uses-permission android:name="android.permission.READ_CONTACTS" />
14-->src/main/AndroidManifest.xml:8:5-72
14-->src/main/AndroidManifest.xml:8:22-69
15    <uses-permission android:name="android.permission.WRITE_EXTERNAL_STORAGE" />
15-->src/main/AndroidManifest.xml:9:5-81
15-->src/main/AndroidManifest.xml:9:22-78
16    <uses-permission android:name="android.permission.READ_EXTERNAL_STORAGE" />
16-->src/main/AndroidManifest.xml:10:5-80
16-->src/main/AndroidManifest.xml:10:22-77
17    <uses-permission android:name="android.permission.ACCESS_WIFI_STATE" />
17-->src/main/AndroidManifest.xml:12:5-76
17-->src/main/AndroidManifest.xml:12:22-73
18    <uses-permission android:name="android.permission.INTERNET" />
18-->src/main/AndroidManifest.xml:5:5-67
18-->src/main/AndroidManifest.xml:5:22-64
19    <uses-permission android:name="android.permission.READ_EXTERNAL_STORAGE" />
19-->src/main/AndroidManifest.xml:10:5-80
19-->src/main/AndroidManifest.xml:10:22-77
20    <uses-permission android:name="android.permission.READ_INTERNAL_STORAGE" />
20-->src/main/AndroidManifest.xml:15:5-80
20-->src/main/AndroidManifest.xml:15:22-77
21    <uses-permission android:name="android.permission.WRITE_EXTERNAL_STORAGE" />
21-->src/main/AndroidManifest.xml:9:5-81
21-->src/main/AndroidManifest.xml:9:22-78
22    <uses-permission android:name="android.permission.WRITE_INTERNAL_STORAGE" />
22-->src/main/AndroidManifest.xml:17:5-81
22-->src/main/AndroidManifest.xml:17:22-78
23    <uses-permission android:name="android.permission.DOWNLOAD_WITHOUT_NOTIFICATION" />
23-->src/main/AndroidManifest.xml:18:5-88
23-->src/main/AndroidManifest.xml:18:22-85
24
25    <application
25-->src/main/AndroidManifest.xml:20:5-70:19
26        android:allowBackup="true"
26-->src/main/AndroidManifest.xml:21:9-35
27        android:appComponentFactory="androidx.core.app.CoreComponentFactory"
27-->[androidx.core:core:1.2.0] AndroidManifest.xml:24:18-86
28        android:debuggable="true"
29        android:icon="@mipmap/ic_launcher"
29-->src/main/AndroidManifest.xml:22:9-43
30        android:label="@string/app_name"
30-->src/main/AndroidManifest.xml:23:9-41
31        android:roundIcon="@mipmap/ic_launcher_round"
31-->src/main/AndroidManifest.xml:24:9-54
32        android:supportsRtl="true"
32-->src/main/AndroidManifest.xml:25:9-35
33        android:testOnly="true"
34        android:theme="@style/AppTheme"
34-->src/main/AndroidManifest.xml:26:9-40
35        android:usesCleartextTraffic="true" >
35-->src/main/AndroidManifest.xml:27:9-44
36        <activity
36-->src/main/AndroidManifest.xml:28:9-36:20
37            android:name="attendance.enterprise.com.enterpriseattendance.LoginActivity"
37-->src/main/AndroidManifest.xml:29:13-42
38            android:label="Attendance" >
38-->src/main/AndroidManifest.xml:30:13-39
39            <intent-filter>
39-->src/main/AndroidManifest.xml:31:13-35:29
40                <action android:name="android.intent.action.MAIN" />
40-->src/main/AndroidManifest.xml:32:17-69
40-->src/main/AndroidManifest.xml:32:25-66
41
42                <category android:name="android.intent.category.LAUNCHER" />
42-->src/main/AndroidManifest.xml:34:17-77
42-->src/main/AndroidManifest.xml:34:27-74
43            </intent-filter>
44        </activity>
45        <activity
45-->src/main/AndroidManifest.xml:37:9-39:39
46            android:name="attendance.enterprise.com.enterpriseattendance.UserActivity"
46-->src/main/AndroidManifest.xml:38:13-41
47            android:label="Drivers" />
47-->src/main/AndroidManifest.xml:39:13-36
48        <activity
48-->src/main/AndroidManifest.xml:40:9-42:36
49            android:name="attendance.enterprise.com.enterpriseattendance.VanActivity"
49-->src/main/AndroidManifest.xml:41:13-40
50            android:label="Vans" />
50-->src/main/AndroidManifest.xml:42:13-33
51        <activity
51-->src/main/AndroidManifest.xml:43:9-45:39
52            android:name="attendance.enterprise.com.enterpriseattendance.AddVanActivity"
52-->src/main/AndroidManifest.xml:44:13-43
53            android:label="Add Van" />
53-->src/main/AndroidManifest.xml:45:13-36
54        <activity
54-->src/main/AndroidManifest.xml:46:9-48:42
55            android:name="attendance.enterprise.com.enterpriseattendance.AddShiftActivity"
55-->src/main/AndroidManifest.xml:47:13-45
56            android:label="Add Vendor" />
56-->src/main/AndroidManifest.xml:48:13-39
57        <activity
57-->src/main/AndroidManifest.xml:49:9-51:42
58            android:name="attendance.enterprise.com.enterpriseattendance.AddUserActivity"
58-->src/main/AndroidManifest.xml:50:13-44
59            android:label="Add Driver" />
59-->src/main/AndroidManifest.xml:51:13-39
60        <activity
60-->src/main/AndroidManifest.xml:52:9-54:39
61            android:name="attendance.enterprise.com.enterpriseattendance.ShiftActivity"
61-->src/main/AndroidManifest.xml:53:13-42
62            android:label="Vendors" />
62-->src/main/AndroidManifest.xml:54:13-36
63        <activity
63-->src/main/AndroidManifest.xml:55:9-57:41
64            android:name="attendance.enterprise.com.enterpriseattendance.DashboardActivity"
64-->src/main/AndroidManifest.xml:56:13-46
65            android:label="Dashboard" />
65-->src/main/AndroidManifest.xml:57:13-38
66        <activity
66-->src/main/AndroidManifest.xml:58:9-60:41
67            android:name="attendance.enterprise.com.enterpriseattendance.AttendanceActivity"
67-->src/main/AndroidManifest.xml:59:13-47
68            android:label="Trip Logs" />
68-->src/main/AndroidManifest.xml:60:13-38
69        <activity
69-->src/main/AndroidManifest.xml:61:9-63:40
70            android:name="attendance.enterprise.com.enterpriseattendance.AddAttendance"
70-->src/main/AndroidManifest.xml:62:13-42
71            android:label="Add Trip" />
71-->src/main/AndroidManifest.xml:63:13-37
72        <activity
72-->src/main/AndroidManifest.xml:64:9-66:40
73            android:name="attendance.enterprise.com.enterpriseattendance.AddFuelActivity"
73-->src/main/AndroidManifest.xml:65:13-44
74            android:label="Add Fuel" />
74-->src/main/AndroidManifest.xml:66:13-37
75        <activity
75-->src/main/AndroidManifest.xml:67:9-69:36
76            android:name="attendance.enterprise.com.enterpriseattendance.FuelActivity"
76-->src/main/AndroidManifest.xml:68:13-41
77            android:label="Fuel" />
77-->src/main/AndroidManifest.xml:69:13-33
78    </application>
79
80</manifest>